2026-01-06 18:45:25,675 - main - INFO - Starting FastAPI application
2026-01-06 19:02:06,213 - main - INFO - Starting FastAPI application
2026-01-06 19:02:06,214 - main - INFO - Shutting down FastAPI application
2026-01-06 19:02:06,214 - apscheduler.scheduler - INFO - Scheduler has been shut down
2026-01-06 19:02:06,214 - app.scheduler_service - INFO - Scheduler shut down
2026-01-06 19:02:46,057 - main - INFO - Starting FastAPI application
2026-01-06 19:03:32,970 - apscheduler.scheduler - INFO - Added job "SchedulerService._check_and_book_if_available" to job store "default"
2026-01-06 19:03:32,970 - app.scheduler_service - INFO - Scheduled watcher job watcher_39ca504c for test@example.com to check every 30 minutes starting at 2026-01-06 19:30:00
2026-01-06 19:03:50,015 - apscheduler.scheduler - INFO - Removed job watcher_39ca504c
2026-01-06 19:03:50,015 - app.scheduler_service - INFO - Cancelled job watcher_39ca504c
2026-01-06 19:39:55,621 - main - INFO - Starting FastAPI application
2026-01-06 19:39:55,621 - main - INFO - Shutting down FastAPI application
2026-01-06 19:39:55,621 - apscheduler.scheduler - INFO - Scheduler has been shut down
2026-01-06 19:39:55,621 - app.scheduler_service - INFO - Scheduler shut down
2026-01-06 19:41:10,541 - main - INFO - Starting FastAPI application
2026-01-06 19:57:27,951 - main - INFO - Starting FastAPI application
2026-01-06 19:57:27,952 - main - INFO - Shutting down FastAPI application
2026-01-06 19:57:27,952 - apscheduler.scheduler - INFO - Scheduler has been shut down
2026-01-06 19:57:27,952 - app.scheduler_service - INFO - Scheduler shut down
2026-01-06 19:58:21,609 - main - INFO - Starting FastAPI application
